<?xml version="1.0" encoding="UTF-8" ?>
<testsuites name="vitest tests" tests="10" failures="0" errors="0" time="2.335">
    <testsuite name="src/example.test.js" timestamp="2024-12-26T08:44:04.801Z" hostname="PPDEV" tests="10" failures="0" errors="0" skipped="0" time="0.0029951">
        <testcase classname="src/example.test.js" name="adds 1 + 2 to equal 3" time="0.0009053">
        </testcase>
        <testcase classname="src/example.test.js" name="adds 2 + 3 to equal 5" time="0.000199">
        </testcase>
        <testcase classname="src/example.test.js" name="adds 3 + 4 to equal 7" time="0.0000996">
        </testcase>
        <testcase classname="src/example.test.js" name="adds 4 + 5 to equal 9" time="0.0001499">
        </testcase>
        <testcase classname="src/example.test.js" name="adds 5 + 6 to equal 11" time="0.0001011">
        </testcase>
        <testcase classname="src/example.test.js" name="adds 6 + 7 to equal 13" time="0.0001131">
        </testcase>
        <testcase classname="src/example.test.js" name="adds 7 + 8 to equal 15" time="0.0000708">
        </testcase>
        <testcase classname="src/example.test.js" name="adds 8 + 9 to equal 17" time="0.0000609">
        </testcase>
        <testcase classname="src/example.test.js" name="adds 9 + 10 to equal 19" time="0.0001865">
        </testcase>
        <testcase classname="src/example.test.js" name="adds 10 + 11 to equal 21" time="0.0001111">
        </testcase>
    </testsuite>
</testsuites>
